  Physx.cpp
c:\users\kyh\desktop\새 폴더 (8)\for_the_sweet\forthesweet_server\forthesweet_server\physx.h(88): warning C4244: '인수': 'const physx::PxExtended'에서 'float'(으)로 변환하면서 데이터가 손실될 수 있습니다.
c:\users\kyh\desktop\새 폴더 (8)\for_the_sweet\forthesweet_server\forthesweet_server\physx.cpp(87): warning C4267: '=': 'size_t'에서 'physx::PxU32'(으)로 변환하면서 데이터가 손실될 수 있습니다.
c:\users\kyh\desktop\새 폴더 (8)\for_the_sweet\forthesweet_server\forthesweet_server\physx.cpp(89): warning C4267: '인수': 'size_t'에서 'int'(으)로 변환하면서 데이터가 손실될 수 있습니다.
c:\users\kyh\desktop\새 폴더 (8)\for_the_sweet\forthesweet_server\forthesweet_server\physx.cpp(91): warning C4267: '=': 'size_t'에서 'physx::PxU32'(으)로 변환하면서 데이터가 손실될 수 있습니다.
  Player.cpp
c:\users\kyh\desktop\새 폴더 (8)\for_the_sweet\forthesweet_server\forthesweet_server\physx.h(88): warning C4244: '인수': 'const physx::PxExtended'에서 'float'(으)로 변환하면서 데이터가 손실될 수 있습니다.
  Server_FTS.cpp
c:\users\kyh\desktop\새 폴더 (8)\for_the_sweet\forthesweet_server\forthesweet_server\physx.h(88): warning C4244: '인수': 'const physx::PxExtended'에서 'float'(으)로 변환하면서 데이터가 손실될 수 있습니다.
c:\users\kyh\desktop\새 폴더 (8)\for_the_sweet\forthesweet_server\forthesweet_server\server_fts.cpp(17): warning C4305: '인수': 'double'에서 'float'(으)로 잘립니다.
c:\users\kyh\desktop\새 폴더 (8)\for_the_sweet\forthesweet_server\forthesweet_server\server_fts.cpp(18): warning C4305: '인수': 'double'에서 'float'(으)로 잘립니다.
c:\users\kyh\desktop\새 폴더 (8)\for_the_sweet\forthesweet_server\forthesweet_server\server_fts.cpp(664): warning C4244: '=': 'physx::PxExtended'에서 'float'(으)로 변환하면서 데이터가 손실될 수 있습니다.
c:\users\kyh\desktop\새 폴더 (8)\for_the_sweet\forthesweet_server\forthesweet_server\server_fts.cpp(665): warning C4244: '=': 'physx::PxExtended'에서 'float'(으)로 변환하면서 데이터가 손실될 수 있습니다.
c:\users\kyh\desktop\새 폴더 (8)\for_the_sweet\forthesweet_server\forthesweet_server\server_fts.cpp(666): warning C4244: '=': 'physx::PxExtended'에서 'float'(으)로 변환하면서 데이터가 손실될 수 있습니다.
c:\users\kyh\desktop\새 폴더 (8)\for_the_sweet\forthesweet_server\forthesweet_server\server_fts.cpp(674): warning C4244: '=': 'physx::PxExtended'에서 'float'(으)로 변환하면서 데이터가 손실될 수 있습니다.
c:\users\kyh\desktop\새 폴더 (8)\for_the_sweet\forthesweet_server\forthesweet_server\server_fts.cpp(675): warning C4244: '=': 'physx::PxExtended'에서 'float'(으)로 변환하면서 데이터가 손실될 수 있습니다.
c:\users\kyh\desktop\새 폴더 (8)\for_the_sweet\forthesweet_server\forthesweet_server\server_fts.cpp(676): warning C4244: '=': 'physx::PxExtended'에서 'float'(으)로 변환하면서 데이터가 손실될 수 있습니다.
c:\users\kyh\desktop\새 폴더 (8)\for_the_sweet\forthesweet_server\forthesweet_server\server_fts.cpp(684): warning C4244: '=': 'physx::PxExtended'에서 'float'(으)로 변환하면서 데이터가 손실될 수 있습니다.
c:\users\kyh\desktop\새 폴더 (8)\for_the_sweet\forthesweet_server\forthesweet_server\server_fts.cpp(685): warning C4244: '=': 'physx::PxExtended'에서 'float'(으)로 변환하면서 데이터가 손실될 수 있습니다.
c:\users\kyh\desktop\새 폴더 (8)\for_the_sweet\forthesweet_server\forthesweet_server\server_fts.cpp(686): warning C4244: '=': 'physx::PxExtended'에서 'float'(으)로 변환하면서 데이터가 손실될 수 있습니다.
c:\users\kyh\desktop\새 폴더 (8)\for_the_sweet\forthesweet_server\forthesweet_server\server_fts.cpp(694): warning C4244: '=': 'physx::PxExtended'에서 'float'(으)로 변환하면서 데이터가 손실될 수 있습니다.
c:\users\kyh\desktop\새 폴더 (8)\for_the_sweet\forthesweet_server\forthesweet_server\server_fts.cpp(695): warning C4244: '=': 'physx::PxExtended'에서 'float'(으)로 변환하면서 데이터가 손실될 수 있습니다.
c:\users\kyh\desktop\새 폴더 (8)\for_the_sweet\forthesweet_server\forthesweet_server\server_fts.cpp(696): warning C4244: '=': 'physx::PxExtended'에서 'float'(으)로 변환하면서 데이터가 손실될 수 있습니다.
c:\users\kyh\desktop\새 폴더 (8)\for_the_sweet\forthesweet_server\forthesweet_server\server_fts.cpp(707): warning C4244: '=': 'double'에서 'float'(으)로 변환하면서 데이터가 손실될 수 있습니다.
c:\users\kyh\desktop\새 폴더 (8)\for_the_sweet\forthesweet_server\forthesweet_server\server_fts.cpp(719): warning C4305: '인수': 'double'에서 'physx::PxF32'(으)로 잘립니다.
c:\users\kyh\desktop\새 폴더 (8)\for_the_sweet\forthesweet_server\forthesweet_server\server_fts.cpp(764): warning C4244: '=': 'physx::PxExtended'에서 'float'(으)로 변환하면서 데이터가 손실될 수 있습니다.
c:\users\kyh\desktop\새 폴더 (8)\for_the_sweet\forthesweet_server\forthesweet_server\server_fts.cpp(765): warning C4244: '=': 'physx::PxExtended'에서 'float'(으)로 변환하면서 데이터가 손실될 수 있습니다.
c:\users\kyh\desktop\새 폴더 (8)\for_the_sweet\forthesweet_server\forthesweet_server\server_fts.cpp(766): warning C4244: '=': 'physx::PxExtended'에서 'float'(으)로 변환하면서 데이터가 손실될 수 있습니다.
  Timer.cpp
  코드를 생성하고 있습니다...
  LINK : C:\Users\KYH\Desktop\새 폴더 (8)\For_The_Sweet\ForTheSweet_Server\x64\Debug\ForTheSweet_Server.exe을(를) 찾을 수 없거나 마지막 증분 링크에 의해 빌드되지 않았습니다. 전체 링크를 수행하고 있습니다.
  ForTheSweet_Server.vcxproj -> C:\Users\KYH\Desktop\새 폴더 (8)\For_The_Sweet\ForTheSweet_Server\x64\Debug\ForTheSweet_Server.exe
