c:\users\kyh\desktop\새 폴더 (7)\for_the_sweet\forthesweet_server\forthesweet_server\x64\release\vc141.pdb
c:\users\kyh\desktop\새 폴더 (7)\for_the_sweet\forthesweet_server\forthesweet_server\x64\release\timer.obj
c:\users\kyh\desktop\새 폴더 (7)\for_the_sweet\forthesweet_server\forthesweet_server\x64\release\server_fts.obj
c:\users\kyh\desktop\새 폴더 (7)\for_the_sweet\forthesweet_server\forthesweet_server\x64\release\player.obj
c:\users\kyh\desktop\새 폴더 (7)\for_the_sweet\forthesweet_server\forthesweet_server\x64\release\physx.obj
c:\users\kyh\desktop\새 폴더 (6)\for_the_sweet\forthesweet_server\x64\release\forthesweet_server.ipdb
c:\users\kyh\desktop\새 폴더 (6)\for_the_sweet\forthesweet_server\x64\release\forthesweet_server.iobj
c:\users\kyh\desktop\새 폴더 (7)\for_the_sweet\forthesweet_server\x64\release\forthesweet_server.ipdb
c:\users\kyh\desktop\새 폴더 (7)\for_the_sweet\forthesweet_server\x64\release\forthesweet_server.iobj
c:\users\kyh\desktop\새 폴더 (6)\for_the_sweet\forthesweet_server\x64\release\forthesweet_server.exe
c:\users\kyh\desktop\새 폴더 (6)\for_the_sweet\forthesweet_server\x64\release\forthesweet_server.pdb
c:\users\kyh\desktop\새 폴더 (7)\for_the_sweet\forthesweet_server\x64\release\forthesweet_server.exe
c:\users\kyh\desktop\새 폴더 (7)\for_the_sweet\forthesweet_server\x64\release\forthesweet_server.pdb
c:\users\kyh\desktop\새 폴더 (7)\for_the_sweet\forthesweet_server\forthesweet_server\x64\release\forthesw.51e7cc85.tlog\cl.command.1.tlog
c:\users\kyh\desktop\새 폴더 (7)\for_the_sweet\forthesweet_server\forthesweet_server\x64\release\forthesw.51e7cc85.tlog\cl.read.1.tlog
c:\users\kyh\desktop\새 폴더 (7)\for_the_sweet\forthesweet_server\forthesweet_server\x64\release\forthesw.51e7cc85.tlog\cl.write.1.tlog
c:\users\kyh\desktop\새 폴더 (7)\for_the_sweet\forthesweet_server\forthesweet_server\x64\release\forthesw.51e7cc85.tlog\forthesweet_server.write.1u.tlog
c:\users\kyh\desktop\새 폴더 (7)\for_the_sweet\forthesweet_server\forthesweet_server\x64\release\forthesw.51e7cc85.tlog\link.command.1.tlog
c:\users\kyh\desktop\새 폴더 (7)\for_the_sweet\forthesweet_server\forthesweet_server\x64\release\forthesw.51e7cc85.tlog\link.read.1.tlog
c:\users\kyh\desktop\새 폴더 (7)\for_the_sweet\forthesweet_server\forthesweet_server\x64\release\forthesw.51e7cc85.tlog\link.write.1.tlog
