  Physx.cpp
c:\users\kyh\desktop\0730\for_the_sweet\forthesweet_server\forthesweet_server\physx.h(88): warning C4244: '인수': 'const physx::PxExtended'에서 'float'(으)로 변환하면서 데이터가 손실될 수 있습니다.
c:\users\kyh\desktop\0730\for_the_sweet\forthesweet_server\forthesweet_server\physx.cpp(119): warning C4267: '=': 'size_t'에서 'physx::PxU32'(으)로 변환하면서 데이터가 손실될 수 있습니다.
c:\users\kyh\desktop\0730\for_the_sweet\forthesweet_server\forthesweet_server\physx.cpp(121): warning C4267: '인수': 'size_t'에서 'int'(으)로 변환하면서 데이터가 손실될 수 있습니다.
c:\users\kyh\desktop\0730\for_the_sweet\forthesweet_server\forthesweet_server\physx.cpp(123): warning C4267: '=': 'size_t'에서 'physx::PxU32'(으)로 변환하면서 데이터가 손실될 수 있습니다.
  Player.cpp
c:\users\kyh\desktop\0730\for_the_sweet\forthesweet_server\forthesweet_server\physx.h(88): warning C4244: '인수': 'const physx::PxExtended'에서 'float'(으)로 변환하면서 데이터가 손실될 수 있습니다.
  Room.cpp
c:\users\kyh\desktop\0730\for_the_sweet\forthesweet_server\forthesweet_server\physx.h(88): warning C4244: '인수': 'const physx::PxExtended'에서 'float'(으)로 변환하면서 데이터가 손실될 수 있습니다.
  Server_FTS.cpp
c:\users\kyh\desktop\0730\for_the_sweet\forthesweet_server\forthesweet_server\physx.h(88): warning C4244: '인수': 'const physx::PxExtended'에서 'float'(으)로 변환하면서 데이터가 손실될 수 있습니다.
c:\users\kyh\desktop\0730\for_the_sweet\forthesweet_server\forthesweet_server\server_fts.cpp(31): warning C4305: '인수': 'double'에서 'float'(으)로 잘립니다.
c:\users\kyh\desktop\0730\for_the_sweet\forthesweet_server\forthesweet_server\server_fts.cpp(32): warning C4305: '인수': 'double'에서 'float'(으)로 잘립니다.
c:\users\kyh\desktop\0730\for_the_sweet\forthesweet_server\forthesweet_server\server_fts.cpp(1011): warning C4244: '=': 'physx::PxExtended'에서 'float'(으)로 변환하면서 데이터가 손실될 수 있습니다.
c:\users\kyh\desktop\0730\for_the_sweet\forthesweet_server\forthesweet_server\server_fts.cpp(1012): warning C4244: '=': 'physx::PxExtended'에서 'float'(으)로 변환하면서 데이터가 손실될 수 있습니다.
c:\users\kyh\desktop\0730\for_the_sweet\forthesweet_server\forthesweet_server\server_fts.cpp(1013): warning C4244: '=': 'physx::PxExtended'에서 'float'(으)로 변환하면서 데이터가 손실될 수 있습니다.
c:\users\kyh\desktop\0730\for_the_sweet\forthesweet_server\forthesweet_server\server_fts.cpp(1133): warning C4305: '인수': 'double'에서 'physx::PxF32'(으)로 잘립니다.
c:\users\kyh\desktop\0730\for_the_sweet\forthesweet_server\forthesweet_server\server_fts.cpp(1228): warning C4244: '=': 'physx::PxExtended'에서 'float'(으)로 변환하면서 데이터가 손실될 수 있습니다.
c:\users\kyh\desktop\0730\for_the_sweet\forthesweet_server\forthesweet_server\server_fts.cpp(1229): warning C4244: '=': 'physx::PxExtended'에서 'float'(으)로 변환하면서 데이터가 손실될 수 있습니다.
c:\users\kyh\desktop\0730\for_the_sweet\forthesweet_server\forthesweet_server\server_fts.cpp(1230): warning C4244: '=': 'physx::PxExtended'에서 'float'(으)로 변환하면서 데이터가 손실될 수 있습니다.
  코드를 생성하고 있습니다.
  36 of 1571 functions ( 2.3%) were compiled, the rest were copied from previous compilation.
    0 functions were new in current compilation
    18 functions had inline decision re-evaluated but remain unchanged
  코드를 생성했습니다.
  ForTheSweet_Server.vcxproj -> C:\Users\KYH\Desktop\0730\For_The_Sweet\ForTheSweet_Server\x64\Release\ForTheSweet_Server.exe
