  CGameFramework.cpp
c:\users\kyh\desktop\0731\for_the_sweet\forthesweet\forthesweet\cgameframework.cpp(495): warning C4244: '인수': 'int'에서 'float'(으)로 변환하면서 데이터가 손실될 수 있습니다.
c:\users\kyh\desktop\0731\for_the_sweet\forthesweet\forthesweet\cgameframework.cpp(496): warning C4244: '인수': 'int'에서 'float'(으)로 변환하면서 데이터가 손실될 수 있습니다.
c:\users\kyh\desktop\0731\for_the_sweet\forthesweet\forthesweet\cgameframework.cpp(1538): warning C4244: '=': 'physx::PxExtended'에서 'float'(으)로 변환하면서 데이터가 손실될 수 있습니다.
c:\users\kyh\desktop\0731\for_the_sweet\forthesweet\forthesweet\cgameframework.cpp(1539): warning C4244: '=': 'physx::PxExtended'에서 'float'(으)로 변환하면서 데이터가 손실될 수 있습니다.
c:\users\kyh\desktop\0731\for_the_sweet\forthesweet\forthesweet\cgameframework.cpp(1540): warning C4244: '=': 'physx::PxExtended'에서 'float'(으)로 변환하면서 데이터가 손실될 수 있습니다.
c:\users\kyh\desktop\0731\for_the_sweet\forthesweet\forthesweet\cgameframework.cpp(1192): warning C4101: 'ptCursorPos' :참조되지 않은 지역 변수입니다.
c:\users\kyh\desktop\0731\for_the_sweet\forthesweet\forthesweet\cgameframework.cpp(1739): warning C4305: '인수': 'double'에서 'physx::PxF32'(으)로 잘립니다.
c:\users\kyh\desktop\0731\for_the_sweet\forthesweet\forthesweet\cgameframework.cpp(1856): warning C4244: '=': 'physx::PxExtended'에서 'float'(으)로 변환하면서 데이터가 손실될 수 있습니다.
c:\users\kyh\desktop\0731\for_the_sweet\forthesweet\forthesweet\cgameframework.cpp(1857): warning C4244: '=': 'physx::PxExtended'에서 'float'(으)로 변환하면서 데이터가 손실될 수 있습니다.
c:\users\kyh\desktop\0731\for_the_sweet\forthesweet\forthesweet\cgameframework.cpp(1858): warning C4244: '=': 'physx::PxExtended'에서 'float'(으)로 변환하면서 데이터가 손실될 수 있습니다.
c:\users\kyh\desktop\0731\for_the_sweet\forthesweet\forthesweet\cgameframework.cpp(1882): warning C4305: '인수': 'float'에서 'bool'(으)로 잘립니다.
c:\users\kyh\desktop\0731\for_the_sweet\forthesweet\forthesweet\cgameframework.cpp(1887): warning C4244: '=': 'physx::PxExtended'에서 'float'(으)로 변환하면서 데이터가 손실될 수 있습니다.
c:\users\kyh\desktop\0731\for_the_sweet\forthesweet\forthesweet\cgameframework.cpp(1888): warning C4244: '=': 'physx::PxExtended'에서 'float'(으)로 변환하면서 데이터가 손실될 수 있습니다.
c:\users\kyh\desktop\0731\for_the_sweet\forthesweet\forthesweet\cgameframework.cpp(1889): warning C4244: '=': 'physx::PxExtended'에서 'float'(으)로 변환하면서 데이터가 손실될 수 있습니다.
c:\users\kyh\desktop\0731\for_the_sweet\forthesweet\forthesweet\cgameframework.cpp(1897): warning C4244: '=': 'physx::PxExtended'에서 'float'(으)로 변환하면서 데이터가 손실될 수 있습니다.
c:\users\kyh\desktop\0731\for_the_sweet\forthesweet\forthesweet\cgameframework.cpp(1898): warning C4244: '=': 'physx::PxExtended'에서 'float'(으)로 변환하면서 데이터가 손실될 수 있습니다.
c:\users\kyh\desktop\0731\for_the_sweet\forthesweet\forthesweet\cgameframework.cpp(1899): warning C4244: '=': 'physx::PxExtended'에서 'float'(으)로 변환하면서 데이터가 손실될 수 있습니다.
c:\program files (x86)\microsoft visual studio\2017\community\vc\tools\msvc\14.16.27023\include\utility(240): warning C4244: '초기화 중': '_Ty'에서 '_Ty2'(으)로 변환하면서 데이터가 손실될 수 있습니다.
          with
          [
              _Ty=int
          ]
          and
          [
              _Ty2=float
          ]
  c:\program files (x86)\microsoft visual studio\2017\community\vc\tools\msvc\14.16.27023\include\xmemory0(879): note: 컴파일 중인 함수 템플릿 인스턴스화 'std::pair<std::string,float>::pair<const char*,int,0>(std::pair<const char *,int> &&) noexcept(false)'에 대한 참조를 확인하십시오.
  c:\program files (x86)\microsoft visual studio\2017\community\vc\tools\msvc\14.16.27023\include\xmemory0(881): note: 컴파일 중인 함수 템플릿 인스턴스화 'std::pair<std::string,float>::pair<const char*,int,0>(std::pair<const char *,int> &&) noexcept(false)'에 대한 참조를 확인하십시오.
  c:\program files (x86)\microsoft visual studio\2017\community\vc\tools\msvc\14.16.27023\include\vector(900): note: 컴파일 중인 함수 템플릿 인스턴스화 'void std::_Default_allocator_traits<_Alloc>::construct<_Ty,std::pair<const char *,int>>(_Alloc &,_Objty *const ,std::pair<const char *,int> &&)'에 대한 참조를 확인하십시오.
          with
          [
              _Alloc=std::allocator<std::pair<std::string,float>>,
              _Ty=std::pair<std::string,float>,
              _Objty=std::pair<std::string,float>
          ]
  c:\program files (x86)\microsoft visual studio\2017\community\vc\tools\msvc\14.16.27023\include\vector(902): note: 컴파일 중인 함수 템플릿 인스턴스화 'void std::_Default_allocator_traits<_Alloc>::construct<_Ty,std::pair<const char *,int>>(_Alloc &,_Objty *const ,std::pair<const char *,int> &&)'에 대한 참조를 확인하십시오.
          with
          [
              _Alloc=std::allocator<std::pair<std::string,float>>,
              _Ty=std::pair<std::string,float>,
              _Objty=std::pair<std::string,float>
          ]
  c:\program files (x86)\microsoft visual studio\2017\community\vc\tools\msvc\14.16.27023\include\vector(916): note: 컴파일 중인 함수 템플릿 인스턴스화 'void std::vector<std::pair<std::string,float>,std::allocator<_Ty>>::_Emplace_back_with_unused_capacity<std::pair<const char *,int>>(std::pair<const char *,int> &&)'에 대한 참조를 확인하십시오.
          with
          [
              _Ty=std::pair<std::string,float>
          ]
  c:\users\kyh\desktop\0731\for_the_sweet\forthesweet\forthesweet\cgameframework.cpp(571): note: 컴파일 중인 함수 템플릿 인스턴스화 'void std::vector<std::pair<std::string,float>,std::allocator<_Ty>>::emplace_back<std::pair<const char *,int>>(std::pair<const char *,int> &&)'에 대한 참조를 확인하십시오.
          with
          [
              _Ty=std::pair<std::string,float>
          ]
  ForTheSweet.cpp
  Scene.cpp
c:\users\kyh\desktop\0731\for_the_sweet\forthesweet\forthesweet\scene.cpp(63): warning C4316: 'PlayerShader': 힙에 할당된 개체가 16에 맞추어져 있지 않을 수도 있습니다
c:\users\kyh\desktop\0731\for_the_sweet\forthesweet\forthesweet\scene.cpp(67): warning C4316: 'PlayerShadowShader': 힙에 할당된 개체가 16에 맞추어져 있지 않을 수도 있습니다
c:\users\kyh\desktop\0731\for_the_sweet\forthesweet\forthesweet\scene.cpp(91): warning C4316: 'ShadowDebugShader': 힙에 할당된 개체가 16에 맞추어져 있지 않을 수도 있습니다
c:\users\kyh\desktop\0731\for_the_sweet\forthesweet\forthesweet\scene.cpp(160): warning C4316: 'ShadowDebugShader': 힙에 할당된 개체가 16에 맞추어져 있지 않을 수도 있습니다
c:\users\kyh\desktop\0731\for_the_sweet\forthesweet\forthesweet\scene.cpp(162): warning C4316: 'ShadowDebugShader': 힙에 할당된 개체가 16에 맞추어져 있지 않을 수도 있습니다
c:\users\kyh\desktop\0731\for_the_sweet\forthesweet\forthesweet\scene.cpp(165): warning C4316: 'ShadowDebugShader': 힙에 할당된 개체가 16에 맞추어져 있지 않을 수도 있습니다
c:\users\kyh\desktop\0731\for_the_sweet\forthesweet\forthesweet\scene.cpp(167): warning C4316: 'ShadowDebugShader': 힙에 할당된 개체가 16에 맞추어져 있지 않을 수도 있습니다
c:\users\kyh\desktop\0731\for_the_sweet\forthesweet\forthesweet\scene.cpp(235): warning C4244: '인수': 'int'에서 'float'(으)로 변환하면서 데이터가 손실될 수 있습니다.
c:\users\kyh\desktop\0731\for_the_sweet\forthesweet\forthesweet\scene.cpp(237): warning C4244: '인수': 'int'에서 'float'(으)로 변환하면서 데이터가 손실될 수 있습니다.
c:\users\kyh\desktop\0731\for_the_sweet\forthesweet\forthesweet\scene.cpp(239): warning C4244: '인수': 'int'에서 'float'(으)로 변환하면서 데이터가 손실될 수 있습니다.
c:\users\kyh\desktop\0731\for_the_sweet\forthesweet\forthesweet\scene.cpp(247): warning C4244: '인수': 'int'에서 'float'(으)로 변환하면서 데이터가 손실될 수 있습니다.
c:\users\kyh\desktop\0731\for_the_sweet\forthesweet\forthesweet\scene.cpp(249): warning C4244: '인수': 'int'에서 'float'(으)로 변환하면서 데이터가 손실될 수 있습니다.
c:\users\kyh\desktop\0731\for_the_sweet\forthesweet\forthesweet\scene.cpp(251): warning C4244: '인수': 'int'에서 'float'(으)로 변환하면서 데이터가 손실될 수 있습니다.
c:\users\kyh\desktop\0731\for_the_sweet\forthesweet\forthesweet\scene.cpp(279): warning C4244: '인수': 'int'에서 'float'(으)로 변환하면서 데이터가 손실될 수 있습니다.
c:\users\kyh\desktop\0731\for_the_sweet\forthesweet\forthesweet\scene.cpp(288): warning C4244: '인수': 'int'에서 'float'(으)로 변환하면서 데이터가 손실될 수 있습니다.
c:\users\kyh\desktop\0731\for_the_sweet\forthesweet\forthesweet\scene.cpp(524): warning C4244: '인수': 'int'에서 'float'(으)로 변환하면서 데이터가 손실될 수 있습니다.
c:\users\kyh\desktop\0731\for_the_sweet\forthesweet\forthesweet\scene.cpp(525): warning C4244: '인수': 'int'에서 'float'(으)로 변환하면서 데이터가 손실될 수 있습니다.
  Socket.cpp
  코드를 생성하고 있습니다.
  0 of 3964 functions ( 0.0%) were compiled, the rest were copied from previous compilation.
    0 functions were new in current compilation
    1 functions had inline decision re-evaluated but remain unchanged
  코드를 생성했습니다.
  ForTheSweet.vcxproj -> C:\Users\KYH\Desktop\0731\For_The_Sweet\ForTheSweet\Release\ForTheSweet.exe
