c:\users\hol\desktop\졸업작품\for_the_sweet\forthesweet\forthesweet\release\vc141.pdb
c:\users\hol\desktop\졸업작품\for_the_sweet\forthesweet\forthesweet\release\timer.obj
c:\users\hol\desktop\졸업작품\for_the_sweet\forthesweet\forthesweet\release\shader.obj
c:\users\hol\desktop\졸업작품\for_the_sweet\forthesweet\forthesweet\release\scene.obj
c:\users\hol\desktop\졸업작품\for_the_sweet\forthesweet\forthesweet\release\player.obj
c:\users\hol\desktop\졸업작품\for_the_sweet\forthesweet\forthesweet\release\object.obj
c:\users\hol\desktop\졸업작품\for_the_sweet\forthesweet\forthesweet\release\model_animation.obj
c:\users\hol\desktop\졸업작품\for_the_sweet\forthesweet\forthesweet\release\modelobject.obj
c:\users\hol\desktop\졸업작품\for_the_sweet\forthesweet\forthesweet\release\model.obj
c:\users\hol\desktop\졸업작품\for_the_sweet\forthesweet\forthesweet\release\mesh.obj
c:\users\hol\desktop\졸업작품\for_the_sweet\forthesweet\forthesweet\release\d3dutil.obj
c:\users\hol\desktop\졸업작품\for_the_sweet\forthesweet\forthesweet\release\d3dmath.obj
c:\users\hol\desktop\졸업작품\for_the_sweet\forthesweet\forthesweet\release\camera.obj
c:\users\hol\desktop\졸업작품\for_the_sweet\forthesweet\forthesweet\release\animation.obj
c:\users\kyh\desktop\새 폴더 (6)\for_the_sweet\forthesweet\forthesweet\release\forthesweet.pch
c:\users\kyh\desktop\새 폴더 (6)\for_the_sweet\forthesweet\forthesweet\release\vc141.pdb
c:\users\kyh\desktop\새 폴더 (6)\for_the_sweet\forthesweet\forthesweet\release\stdafx.obj
c:\users\kyh\desktop\새 폴더 (6)\for_the_sweet\forthesweet\forthesweet\release\timer.obj
c:\users\kyh\desktop\새 폴더 (6)\for_the_sweet\forthesweet\forthesweet\release\texture.obj
c:\users\kyh\desktop\새 폴더 (6)\for_the_sweet\forthesweet\forthesweet\release\socket.obj
c:\users\kyh\desktop\새 폴더 (6)\for_the_sweet\forthesweet\forthesweet\release\shader.obj
c:\users\kyh\desktop\새 폴더 (6)\for_the_sweet\forthesweet\forthesweet\release\scene.obj
c:\users\kyh\desktop\새 폴더 (6)\for_the_sweet\forthesweet\forthesweet\release\player.obj
c:\users\kyh\desktop\새 폴더 (6)\for_the_sweet\forthesweet\forthesweet\release\physx.obj
c:\users\kyh\desktop\새 폴더 (6)\for_the_sweet\forthesweet\forthesweet\release\object.obj
c:\users\kyh\desktop\새 폴더 (6)\for_the_sweet\forthesweet\forthesweet\release\model_animation.obj
c:\users\kyh\desktop\새 폴더 (6)\for_the_sweet\forthesweet\forthesweet\release\modelobject.obj
c:\users\kyh\desktop\새 폴더 (6)\for_the_sweet\forthesweet\forthesweet\release\model.obj
c:\users\kyh\desktop\새 폴더 (6)\for_the_sweet\forthesweet\forthesweet\release\mesh.obj
c:\users\kyh\desktop\새 폴더 (6)\for_the_sweet\forthesweet\forthesweet\release\forthesweet.obj
c:\users\kyh\desktop\새 폴더 (6)\for_the_sweet\forthesweet\forthesweet\release\ddstextureloader12.obj
c:\users\kyh\desktop\새 폴더 (6)\for_the_sweet\forthesweet\forthesweet\release\d3dutil.obj
c:\users\kyh\desktop\새 폴더 (6)\for_the_sweet\forthesweet\forthesweet\release\d3dmath.obj
c:\users\kyh\desktop\새 폴더 (6)\for_the_sweet\forthesweet\forthesweet\release\camera.obj
c:\users\kyh\desktop\새 폴더 (6)\for_the_sweet\forthesweet\forthesweet\release\cgameframework.obj
c:\users\kyh\desktop\새 폴더 (6)\for_the_sweet\forthesweet\forthesweet\release\animation.obj
c:\users\kyh\desktop\새 폴더 (6)\for_the_sweet\forthesweet\release\forthesweet.ipdb
c:\users\kyh\desktop\새 폴더 (6)\for_the_sweet\forthesweet\release\forthesweet.iobj
c:\users\kyh\desktop\새 폴더 (6)\for_the_sweet\forthesweet\release\forthesweet.exe
c:\users\kyh\desktop\새 폴더 (6)\for_the_sweet\forthesweet\release\forthesweet.pdb
c:\users\kyh\desktop\새 폴더 (6)\for_the_sweet\forthesweet\forthesweet\release\forthesweet.res
c:\users\kyh\desktop\새 폴더 (6)\for_the_sweet\forthesweet\forthesweet\release\forthesweet.tlog\cl.command.1.tlog
c:\users\kyh\desktop\새 폴더 (6)\for_the_sweet\forthesweet\forthesweet\release\forthesweet.tlog\cl.read.1.tlog
c:\users\kyh\desktop\새 폴더 (6)\for_the_sweet\forthesweet\forthesweet\release\forthesweet.tlog\cl.write.1.tlog
c:\users\kyh\desktop\새 폴더 (6)\for_the_sweet\forthesweet\forthesweet\release\forthesweet.tlog\forthesweet.write.1u.tlog
c:\users\kyh\desktop\새 폴더 (6)\for_the_sweet\forthesweet\forthesweet\release\forthesweet.tlog\link.command.1.tlog
c:\users\kyh\desktop\새 폴더 (6)\for_the_sweet\forthesweet\forthesweet\release\forthesweet.tlog\link.read.1.tlog
c:\users\kyh\desktop\새 폴더 (6)\for_the_sweet\forthesweet\forthesweet\release\forthesweet.tlog\link.write.1.tlog
c:\users\kyh\desktop\새 폴더 (6)\for_the_sweet\forthesweet\forthesweet\release\forthesweet.tlog\rc.command.1.tlog
c:\users\kyh\desktop\새 폴더 (6)\for_the_sweet\forthesweet\forthesweet\release\forthesweet.tlog\rc.read.1.tlog
c:\users\kyh\desktop\새 폴더 (6)\for_the_sweet\forthesweet\forthesweet\release\forthesweet.tlog\rc.write.1.tlog
