d:\졸작\for_the_sweet\for_the_sweet\forthesweet\forthesweet\debug\vc141.pdb
d:\졸작\for_the_sweet\for_the_sweet\forthesweet\forthesweet\debug\vc141.idb
d:\졸작\for_the_sweet\for_the_sweet\forthesweet\forthesweet\debug\shader.obj
d:\졸작\for_the_sweet\for_the_sweet\forthesweet\forthesweet\debug\scene.obj
d:\졸작\for_the_sweet\for_the_sweet\forthesweet\forthesweet\debug\player.obj
d:\졸작\for_the_sweet\for_the_sweet\forthesweet\forthesweet\debug\object.obj
d:\졸작\for_the_sweet\for_the_sweet\forthesweet\forthesweet\debug\forthesweet.obj
d:\졸작\for_the_sweet\for_the_sweet\forthesweet\forthesweet\debug\cgameframework.obj
d:\졸작\for_the_sweet\for_the_sweet\forthesweet\forthesweet\debug\timer.obj
d:\졸작\for_the_sweet\for_the_sweet\forthesweet\forthesweet\debug\model.obj
d:\졸작\for_the_sweet\for_the_sweet\forthesweet\forthesweet\debug\mesh.obj
d:\졸작\for_the_sweet\for_the_sweet\forthesweet\forthesweet\debug\camera.obj
d:\졸작\for_the_sweet\for_the_sweet\forthesweet\forthesweet\debug\modelobject.obj
d:\졸작\for_the_sweet\for_the_sweet\forthesweet\forthesweet\debug\model_animation.obj
d:\졸작\for_the_sweet\for_the_sweet\forthesweet\forthesweet\debug\forthesweet.pch
d:\졸작\for_the_sweet\for_the_sweet\forthesweet\forthesweet\debug\stdafx.obj
d:\졸작\for_the_sweet\for_the_sweet\forthesweet\forthesweet\debug\animation.obj
d:\졸작\for_the_sweet\for_the_sweet\forthesweet\debug\forthesweet.exe
d:\졸작\for_the_sweet\for_the_sweet\forthesweet\debug\forthesweet.ilk
d:\졸작\for_the_sweet\for_the_sweet\forthesweet\debug\forthesweet.pdb
d:\졸작\for_the_sweet\for_the_sweet\forthesweet\forthesweet\debug\forthesweet.res
d:\졸작\for_the_sweet\for_the_sweet\forthesweet\forthesweet\debug\player.obj.enc
d:\졸작\for_the_sweet\for_the_sweet\forthesweet\forthesweet\debug\forthesweet.tlog\cl.command.1.tlog
d:\졸작\for_the_sweet\for_the_sweet\forthesweet\forthesweet\debug\forthesweet.tlog\cl.read.1.tlog
d:\졸작\for_the_sweet\for_the_sweet\forthesweet\forthesweet\debug\forthesweet.tlog\cl.write.1.tlog
d:\졸작\for_the_sweet\for_the_sweet\forthesweet\forthesweet\debug\forthesweet.tlog\link.command.1.tlog
d:\졸작\for_the_sweet\for_the_sweet\forthesweet\forthesweet\debug\forthesweet.tlog\link.read.1.tlog
d:\졸작\for_the_sweet\for_the_sweet\forthesweet\forthesweet\debug\forthesweet.tlog\link.write.1.tlog
d:\졸작\for_the_sweet\for_the_sweet\forthesweet\forthesweet\debug\forthesweet.tlog\rc.command.1.tlog
d:\졸작\for_the_sweet\for_the_sweet\forthesweet\forthesweet\debug\forthesweet.tlog\rc.read.1.tlog
d:\졸작\for_the_sweet\for_the_sweet\forthesweet\forthesweet\debug\forthesweet.tlog\rc.write.1.tlog
