  stdafx.cpp
  Animation.cpp
c:\users\hol\desktop\졸업작품\for_the_sweet\forthesweet\forthesweet\animation.cpp(33): warning C4244: '=': 'const double'에서 'float'(으)로 변환하면서 데이터가 손실될 수 있습니다.
c:\users\hol\desktop\졸업작품\for_the_sweet\forthesweet\forthesweet\animation.cpp(67): warning C4018: '<': signed 또는 unsigned가 일치하지 않습니다.
  Camera.cpp
  CGameFramework.cpp
c:\users\hol\desktop\졸업작품\for_the_sweet\forthesweet\forthesweet\include\pxphysicsapi.h(45): fatal error C1083: 포함 파일을 열 수 없습니다. 'foundation/Px.h': No such file or directory
  D3DMath.cpp
  D3DUtil.cpp
  ForTheSweet.cpp
c:\users\hol\desktop\졸업작품\for_the_sweet\forthesweet\forthesweet\include\pxphysicsapi.h(45): fatal error C1083: 포함 파일을 열 수 없습니다. 'foundation/Px.h': No such file or directory
  Mesh.cpp
  Model.cpp
  ModelObject.cpp
  Model_Animation.cpp
c:\users\hol\desktop\졸업작품\for_the_sweet\forthesweet\forthesweet\model_animation.cpp(16): warning C4267: '=': 'size_t'에서 'UINT'(으)로 변환하면서 데이터가 손실될 수 있습니다.
c:\users\hol\desktop\졸업작품\for_the_sweet\forthesweet\forthesweet\model_animation.cpp(12): warning C4101: 'index' :참조되지 않은 지역 변수입니다.
  Object.cpp
  Physx.cpp
c:\users\hol\desktop\졸업작품\for_the_sweet\forthesweet\forthesweet\include\pxphysicsapi.h(45): fatal error C1083: 포함 파일을 열 수 없습니다. 'foundation/Px.h': No such file or directory
  Player.cpp
  Scene.cpp
  Shader.cpp
c:\users\hol\desktop\졸업작품\for_the_sweet\forthesweet\forthesweet\shader.cpp(437): warning C4018: '<': signed 또는 unsigned가 일치하지 않습니다.
  Timer.cpp
  코드를 생성하고 있습니다...
