d:\졸작\for_the_sweet\for_the_sweet\forthesweet\forthesweet\x64\debug\vc141.pdb
d:\졸작\for_the_sweet\for_the_sweet\forthesweet\forthesweet\x64\debug\vc141.idb
d:\졸작\for_the_sweet\for_the_sweet\forthesweet\forthesweet\x64\debug\timer.obj
d:\졸작\for_the_sweet\for_the_sweet\forthesweet\forthesweet\x64\debug\shader.obj
d:\졸작\for_the_sweet\for_the_sweet\forthesweet\forthesweet\x64\debug\scene.obj
d:\졸작\for_the_sweet\for_the_sweet\forthesweet\forthesweet\x64\debug\player.obj
d:\졸작\for_the_sweet\for_the_sweet\forthesweet\forthesweet\x64\debug\object.obj
d:\졸작\for_the_sweet\for_the_sweet\forthesweet\forthesweet\x64\debug\mesh.obj
d:\졸작\for_the_sweet\for_the_sweet\forthesweet\forthesweet\x64\debug\forthesweet.obj
d:\졸작\for_the_sweet\for_the_sweet\forthesweet\forthesweet\x64\debug\ddstextureloader12.obj
d:\졸작\for_the_sweet\for_the_sweet\forthesweet\forthesweet\x64\debug\cgameframework.obj
d:\졸작\for_the_sweet\for_the_sweet\forthesweet\forthesweet\x64\debug\camera.obj
d:\졸작\for_the_sweet\for_the_sweet\forthesweet\forthesweet\x64\debug\forthesweet.pch
d:\졸작\for_the_sweet\for_the_sweet\forthesweet\forthesweet\x64\debug\stdafx.obj
d:\졸작\for_the_sweet\for_the_sweet\forthesweet\x64\debug\forthesweet.ilk
d:\졸작\for_the_sweet\for_the_sweet\forthesweet\x64\debug\forthesweet.exe
d:\졸작\for_the_sweet\for_the_sweet\forthesweet\x64\debug\forthesweet.pdb
d:\졸작\for_the_sweet\for_the_sweet\forthesweet\forthesweet\x64\debug\forthesweet.res
d:\졸작\for_the_sweet\for_the_sweet\forthesweet\forthesweet\x64\debug\model.obj
d:\졸작\for_the_sweet\for_the_sweet\forthesweet\forthesweet\x64\debug\forthesweet.tlog\cl.command.1.tlog
d:\졸작\for_the_sweet\for_the_sweet\forthesweet\forthesweet\x64\debug\forthesweet.tlog\cl.read.1.tlog
d:\졸작\for_the_sweet\for_the_sweet\forthesweet\forthesweet\x64\debug\forthesweet.tlog\cl.write.1.tlog
d:\졸작\for_the_sweet\for_the_sweet\forthesweet\forthesweet\x64\debug\forthesweet.tlog\link.7976.read.1.tlog
d:\졸작\for_the_sweet\for_the_sweet\forthesweet\forthesweet\x64\debug\forthesweet.tlog\link.7976.write.1.tlog
d:\졸작\for_the_sweet\for_the_sweet\forthesweet\forthesweet\x64\debug\forthesweet.tlog\link.command.1.tlog
d:\졸작\for_the_sweet\for_the_sweet\forthesweet\forthesweet\x64\debug\forthesweet.tlog\link.read.1.tlog
d:\졸작\for_the_sweet\for_the_sweet\forthesweet\forthesweet\x64\debug\forthesweet.tlog\link.write.1.tlog
d:\졸작\for_the_sweet\for_the_sweet\forthesweet\forthesweet\x64\debug\forthesweet.tlog\rc.command.1.tlog
d:\졸작\for_the_sweet\for_the_sweet\forthesweet\forthesweet\x64\debug\forthesweet.tlog\rc.read.1.tlog
d:\졸작\for_the_sweet\for_the_sweet\forthesweet\forthesweet\x64\debug\forthesweet.tlog\rc.write.1.tlog
